{
  "stats": {
    "suites": 1,
    "tests": 9,
    "passes": 9,
    "pending": 0,
    "failures": 0,
    "start": "2021-04-28T12:13:49.818Z",
    "end": "2021-04-28T12:14:16.991Z",
    "duration": 27173,
    "testsRegistered": 9,
    "passPercent": 100,
    "pendingPercent": 0,
    "other": 0,
    "hasOther": false,
    "skipped": 0,
    "hasSkipped": false
  },
  "results": [
    {
      "uuid": "69a56402-fc72-41d1-b9ab-e34c0abfbf9b",
      "title": "",
      "fullFile": "cypress/integration/test-suite-with-po.spec.js",
      "file": "cypress/integration/test-suite-with-po.spec.js",
      "beforeHooks": [],
      "afterHooks": [],
      "tests": [],
      "suites": [
        {
          "uuid": "e7c27299-b99d-49db-8df4-fe054aad3d60",
          "title": "Testsuite with Page-Objet",
          "fullFile": "",
          "file": "",
          "beforeHooks": [],
          "afterHooks": [],
          "tests": [
            {
              "title": "Client registration (TC2)",
              "fullTitle": "Testsuite with Page-Objet Client registration (TC2)",
              "timedOut": null,
              "duration": 4044,
              "state": "passed",
              "speed": "slow",
              "pass": true,
              "fail": false,
              "pending": false,
              "context": null,
              "code": "indexPage.viewClients('Clients');\nclientsPage.viewClientNew('New Client');\nclientNewPage.createClient('Pina Colada', 'pinacolada@gmail.com', '0701233234', 'Clients');\nclientsPage.verifyLastClient('Pina Colada', 'pinacolada@gmail.com', '0701233234');",
              "err": {},
              "uuid": "26ee4547-344c-4d20-83b6-d486cb785bbb",
              "parentUUID": "e7c27299-b99d-49db-8df4-fe054aad3d60",
              "isHook": false,
              "skipped": false
            },
            {
              "title": "Edit the last Client (TC3)",
              "fullTitle": "Testsuite with Page-Objet Edit the last Client (TC3)",
              "timedOut": null,
              "duration": 3293,
              "state": "passed",
              "speed": "slow",
              "pass": true,
              "fail": false,
              "pending": false,
              "context": null,
              "code": "indexPage.viewClients('Clients');\nclientsPage.verifyEditLastClient('Client:');\nclientEditPage.editClient('pinacolada@yahoo.se', 'Clients');\nclientsPage.verifyLastClient('Pina Colada', 'pinacolada@yahoo.se', '0701233234');",
              "err": {},
              "uuid": "21940921-7449-4779-8c58-400814b4966c",
              "parentUUID": "e7c27299-b99d-49db-8df4-fe054aad3d60",
              "isHook": false,
              "skipped": false
            },
            {
              "title": "Delete the last Client (TC4)",
              "fullTitle": "Testsuite with Page-Objet Delete the last Client (TC4)",
              "timedOut": null,
              "duration": 2389,
              "state": "passed",
              "speed": "slow",
              "pass": true,
              "fail": false,
              "pending": false,
              "context": null,
              "code": "indexPage.viewClients('Clients');\nclientsPage.deleteLastClient('Clients');",
              "err": {},
              "uuid": "f6cbde4f-3405-42a4-8899-c559b9a082ba",
              "parentUUID": "e7c27299-b99d-49db-8df4-fe054aad3d60",
              "isHook": false,
              "skipped": false
            },
            {
              "title": "Create a bill (TC5)",
              "fullTitle": "Testsuite with Page-Objet Create a bill (TC5)",
              "timedOut": null,
              "duration": 2623,
              "state": "passed",
              "speed": "slow",
              "pass": true,
              "fail": false,
              "pending": false,
              "context": null,
              "code": "indexPage.viewBills('Bills');\nbillsPage.viewBillNew('New Bill');\nbillsNewPage.createBill('5000', 'Bills');\nbillsPage.verifyLastBill('5000');",
              "err": {},
              "uuid": "7c8bdb00-5c6e-47a4-997b-bd975dd4f442",
              "parentUUID": "e7c27299-b99d-49db-8df4-fe054aad3d60",
              "isHook": false,
              "skipped": false
            },
            {
              "title": "Edit the last bill (TC6)",
              "fullTitle": "Testsuite with Page-Objet Edit the last bill (TC6)",
              "timedOut": null,
              "duration": 2784,
              "state": "passed",
              "speed": "slow",
              "pass": true,
              "fail": false,
              "pending": false,
              "context": null,
              "code": "indexPage.viewBills('Bills');\nbillsPage.verifyEditLastBill('Bill:');\nbillsEditPage.editLastBill('4500', 'Bills');\nbillsPage.verifyLastBill('4500');",
              "err": {},
              "uuid": "14a7dbb2-22b2-4cbd-a9a8-bb4190e5b857",
              "parentUUID": "e7c27299-b99d-49db-8df4-fe054aad3d60",
              "isHook": false,
              "skipped": false
            },
            {
              "title": "Delete the last bill (TC7)",
              "fullTitle": "Testsuite with Page-Objet Delete the last bill (TC7)",
              "timedOut": null,
              "duration": 2331,
              "state": "passed",
              "speed": "slow",
              "pass": true,
              "fail": false,
              "pending": false,
              "context": null,
              "code": "indexPage.viewBills('Bills');\nbillsPage.deleteLastBill('Bills');",
              "err": {},
              "uuid": "d6ef898a-0b06-419c-98ff-b75ff5693c84",
              "parentUUID": "e7c27299-b99d-49db-8df4-fe054aad3d60",
              "isHook": false,
              "skipped": false
            },
            {
              "title": "Create a room (TC8)",
              "fullTitle": "Testsuite with Page-Objet Create a room (TC8)",
              "timedOut": null,
              "duration": 3405,
              "state": "passed",
              "speed": "slow",
              "pass": true,
              "fail": false,
              "pending": false,
              "context": null,
              "code": "indexPage.viewRooms('Rooms');\nroomsPage.viewRoomNew('New Room');\nroomsNewPage.createRoom('Twin', '1101', '11', '4000', ['Balcony', 'Ensuite', 'Penthouse'], 'Rooms');\nroomsPage.verifyLastRoom('twin', '1101', '11', '4000', 'balcony');",
              "err": {},
              "uuid": "b9772ee1-a208-4c92-8adb-2f004e3e8c37",
              "parentUUID": "e7c27299-b99d-49db-8df4-fe054aad3d60",
              "isHook": false,
              "skipped": false
            },
            {
              "title": "Edit the last room (TC9)",
              "fullTitle": "Testsuite with Page-Objet Edit the last room (TC9)",
              "timedOut": null,
              "duration": 2993,
              "state": "passed",
              "speed": "slow",
              "pass": true,
              "fail": false,
              "pending": false,
              "context": null,
              "code": "indexPage.viewRooms('Rooms');\nroomsPage.verifyEditLastRoom('Room:');\nroomEditPage.editRoom('1230', '12', 'Rooms');\nroomsPage.verifyLastRoom('twin', '1230', '12', '4000', 'balcony');",
              "err": {},
              "uuid": "6bfb06fc-0b3b-484b-9561-e484c2202c0c",
              "parentUUID": "e7c27299-b99d-49db-8df4-fe054aad3d60",
              "isHook": false,
              "skipped": false
            },
            {
              "title": "Delete the last room (TC10)",
              "fullTitle": "Testsuite with Page-Objet Delete the last room (TC10)",
              "timedOut": null,
              "duration": 2316,
              "state": "passed",
              "speed": "slow",
              "pass": true,
              "fail": false,
              "pending": false,
              "context": null,
              "code": "indexPage.viewRooms('Rooms');\nroomsPage.deleteLastRoom('Rooms');",
              "err": {},
              "uuid": "eb9c8fd2-848f-4313-93ea-beedebd3946f",
              "parentUUID": "e7c27299-b99d-49db-8df4-fe054aad3d60",
              "isHook": false,
              "skipped": false
            }
          ],
          "suites": [],
          "passes": [
            "26ee4547-344c-4d20-83b6-d486cb785bbb",
            "21940921-7449-4779-8c58-400814b4966c",
            "f6cbde4f-3405-42a4-8899-c559b9a082ba",
            "7c8bdb00-5c6e-47a4-997b-bd975dd4f442",
            "14a7dbb2-22b2-4cbd-a9a8-bb4190e5b857",
            "d6ef898a-0b06-419c-98ff-b75ff5693c84",
            "b9772ee1-a208-4c92-8adb-2f004e3e8c37",
            "6bfb06fc-0b3b-484b-9561-e484c2202c0c",
            "eb9c8fd2-848f-4313-93ea-beedebd3946f"
          ],
          "failures": [],
          "pending": [],
          "skipped": [],
          "duration": 26178,
          "root": false,
          "rootEmpty": false,
          "_timeout": 2000
        }
      ],
      "passes": [],
      "failures": [],
      "pending": [],
      "skipped": [],
      "duration": 0,
      "root": true,
      "rootEmpty": true,
      "_timeout": 2000
    }
  ],
  "meta": {
    "mocha": {
      "version": "7.0.1"
    },
    "mochawesome": {
      "options": {
        "quiet": false,
        "reportFilename": "mochawesome",
        "saveHtml": true,
        "saveJson": true,
        "consoleReporter": "spec",
        "useInlineDiffs": false,
        "code": true
      },
      "version": "6.2.2"
    },
    "marge": {
      "options": {
        "reportDir": "cypress/report/m-report",
        "overwrite": false,
        "html": true,
        "json": true,
        "timestamp": "yyyy/mm/dd_HHMMss"
      },
      "version": "5.2.0"
    }
  }
}