{
  "stats": {
    "suites": 1,
    "tests": 1,
    "passes": 1,
    "pending": 0,
    "failures": 0,
    "start": "2021-04-28T12:13:24.696Z",
    "end": "2021-04-28T12:13:26.705Z",
    "duration": 2009,
    "testsRegistered": 1,
    "passPercent": 100,
    "pendingPercent": 0,
    "other": 0,
    "hasOther": false,
    "skipped": 0,
    "hasSkipped": false
  },
  "results": [
    {
      "uuid": "9a4da691-a5db-4ee4-baad-2a4bc9ec6a15",
      "title": "",
      "fullFile": "cypress/integration/1-login-logout.js",
      "file": "cypress/integration/1-login-logout.js",
      "beforeHooks": [],
      "afterHooks": [],
      "tests": [],
      "suites": [
        {
          "uuid": "a0af8777-b257-450e-8e66-d9eefd0f96ff",
          "title": "Login and Logout a user",
          "fullFile": "",
          "file": "",
          "beforeHooks": [],
          "afterHooks": [],
          "tests": [
            {
              "title": "Login (TC1)",
              "fullTitle": "Login and Logout a user Login (TC1)",
              "timedOut": null,
              "duration": 1965,
              "state": "passed",
              "speed": "slow",
              "pass": true,
              "fail": false,
              "pending": false,
              "context": null,
              "code": "cy.visit('http://localhost:3000');\ncy.title().should('eq', 'Testers Hotel');\ncy.get('h2').should('contain', 'Login');\ncy.get(':nth-child(1) > input').type('tester01');\ncy.get(':nth-child(2) > input').type('GteteqbQQgSr88SwNExUQv2ydb7xuf8c');\ncy.get('.btn').click();\ncy.get('.username').should('contain', 'Welcome tester01');\ncy.get('.user > .btn').click();\ncy.get('h2').should('contain', 'Login');",
              "err": {},
              "uuid": "d055421a-d927-4391-88d0-1732019d8d05",
              "parentUUID": "a0af8777-b257-450e-8e66-d9eefd0f96ff",
              "isHook": false,
              "skipped": false
            }
          ],
          "suites": [],
          "passes": [
            "d055421a-d927-4391-88d0-1732019d8d05"
          ],
          "failures": [],
          "pending": [],
          "skipped": [],
          "duration": 1965,
          "root": false,
          "rootEmpty": false,
          "_timeout": 2000
        }
      ],
      "passes": [],
      "failures": [],
      "pending": [],
      "skipped": [],
      "duration": 0,
      "root": true,
      "rootEmpty": true,
      "_timeout": 2000
    }
  ],
  "meta": {
    "mocha": {
      "version": "7.0.1"
    },
    "mochawesome": {
      "options": {
        "quiet": false,
        "reportFilename": "mochawesome",
        "saveHtml": true,
        "saveJson": true,
        "consoleReporter": "spec",
        "useInlineDiffs": false,
        "code": true
      },
      "version": "6.2.2"
    },
    "marge": {
      "options": {
        "reportDir": "cypress/report/m-report",
        "overwrite": false,
        "html": true,
        "json": true,
        "timestamp": "yyyy/mm/dd_HHMMss"
      },
      "version": "5.2.0"
    }
  }
}