{
  "stats": {
    "suites": 1,
    "tests": 1,
    "passes": 1,
    "pending": 0,
    "failures": 0,
    "start": "2021-04-27T19:59:11.140Z",
    "end": "2021-04-27T19:59:16.091Z",
    "duration": 4951,
    "testsRegistered": 1,
    "passPercent": 100,
    "pendingPercent": 0,
    "other": 0,
    "hasOther": false,
    "skipped": 0,
    "hasSkipped": false
  },
  "results": [
    {
      "uuid": "6210550c-8039-47b7-90a6-22641a877a6a",
      "title": "",
      "fullFile": "cypress/integration/testsuite-percy.spec.js",
      "file": "cypress/integration/testsuite-percy.spec.js",
      "beforeHooks": [],
      "afterHooks": [],
      "tests": [],
      "suites": [
        {
          "uuid": "43bf8170-a70b-4746-820e-f6c6ff9e47f5",
          "title": "Login and Logout a user",
          "fullFile": "",
          "file": "",
          "beforeHooks": [],
          "afterHooks": [],
          "tests": [
            {
              "title": "Login (TC1)",
              "fullTitle": "Login and Logout a user Login (TC1)",
              "timedOut": null,
              "duration": 4922,
              "state": "passed",
              "speed": "slow",
              "pass": true,
              "fail": false,
              "pending": false,
              "context": null,
              "code": "cy.visit('http://localhost:3000');\ncy.title().should('eq', 'Testers Hotel');\ncy.get('h2').should('contain', 'Login');\ncy.percySnapshot('index-page');\ncy.get(':nth-child(1) > input').type('tester01');\ncy.get(':nth-child(2) > input').type('GteteqbQQgSr88SwNExUQv2ydb7xuf8c');\ncy.get('.btn').click();\ncy.get('.username').should('contain', 'Welcome tester01');\ncy.wait(3000);\ncy.percySnapshot('EE-page');\ncy.get('.user > .btn').click();\ncy.get('h2').should('contain', 'Login');\ncy.percySnapshot('dashbord-page');",
              "err": {},
              "uuid": "485c3e76-dced-4b5f-9aa4-78b4b551c0df",
              "parentUUID": "43bf8170-a70b-4746-820e-f6c6ff9e47f5",
              "isHook": false,
              "skipped": false
            }
          ],
          "suites": [],
          "passes": [
            "485c3e76-dced-4b5f-9aa4-78b4b551c0df"
          ],
          "failures": [],
          "pending": [],
          "skipped": [],
          "duration": 4922,
          "root": false,
          "rootEmpty": false,
          "_timeout": 2000
        }
      ],
      "passes": [],
      "failures": [],
      "pending": [],
      "skipped": [],
      "duration": 0,
      "root": true,
      "rootEmpty": true,
      "_timeout": 2000
    }
  ],
  "meta": {
    "mocha": {
      "version": "7.0.1"
    },
    "mochawesome": {
      "options": {
        "quiet": false,
        "reportFilename": "mochawesome",
        "saveHtml": true,
        "saveJson": true,
        "consoleReporter": "spec",
        "useInlineDiffs": false,
        "code": true
      },
      "version": "6.2.2"
    },
    "marge": {
      "options": {
        "reportDir": "cypress/report/m-report",
        "overwrite": false,
        "html": true,
        "json": true,
        "timestamp": "yyyy/mm/dd_HHMMss"
      },
      "version": "5.2.0"
    }
  }
}