{
  "stats": {
    "suites": 1,
    "tests": 5,
    "passes": 5,
    "pending": 0,
    "failures": 0,
    "start": "2021-04-28T12:13:29.407Z",
    "end": "2021-04-28T12:13:33.382Z",
    "duration": 3975,
    "testsRegistered": 5,
    "passPercent": 100,
    "pendingPercent": 0,
    "other": 0,
    "hasOther": false,
    "skipped": 0,
    "hasSkipped": false
  },
  "results": [
    {
      "uuid": "64e2127c-9fa6-417d-84a6-1d214e9d2cea",
      "title": "",
      "fullFile": "cypress/integration/2-create-edit-delete-a-client.js",
      "file": "cypress/integration/2-create-edit-delete-a-client.js",
      "beforeHooks": [],
      "afterHooks": [],
      "tests": [],
      "suites": [
        {
          "uuid": "1d0213d0-7010-474a-80da-58e95258c324",
          "title": "Registration, Editing and Deleting a client",
          "fullFile": "",
          "file": "",
          "beforeHooks": [],
          "afterHooks": [],
          "tests": [
            {
              "title": "Login",
              "fullTitle": "Registration, Editing and Deleting a client Login",
              "timedOut": null,
              "duration": 1592,
              "state": "passed",
              "speed": "slow",
              "pass": true,
              "fail": false,
              "pending": false,
              "context": null,
              "code": "cy.visit('http://localhost:3000');\ncy.title().should('eq', 'Testers Hotel');\ncy.get('h2').should('contain', 'Login');\ncy.get(':nth-child(1) > input').type('tester01');\ncy.get(':nth-child(2) > input').type('GteteqbQQgSr88SwNExUQv2ydb7xuf8c');\ncy.get('.btn').click();\ncy.get('.username').should('contain', 'Welcome tester01');",
              "err": {},
              "uuid": "9f29e135-a956-4db8-b395-7f5abda376fe",
              "parentUUID": "1d0213d0-7010-474a-80da-58e95258c324",
              "isHook": false,
              "skipped": false
            },
            {
              "title": "Client Registration (TC2)",
              "fullTitle": "Registration, Editing and Deleting a client Client Registration (TC2)",
              "timedOut": null,
              "duration": 1282,
              "state": "passed",
              "speed": "slow",
              "pass": true,
              "fail": false,
              "pending": false,
              "context": null,
              "code": "cy.get('.blocks > :nth-child(2) > .btn').click();\ncy.title().should('eq', 'Testers Hotel');\ncy.get('h2').should('contain', 'Clients');\ncy.get('h2 > .btn').click();\ncy.get(':nth-child(1) > input').type('Pina Colada');\ncy.get(':nth-child(2) > input').type('pinacolada@gmail.com');\ncy.get(':nth-child(3) > input').type('070 12 33 234');\ncy.get('.blue').click();\ncy.get('h2').should('contain', 'Clients');",
              "err": {},
              "uuid": "9ddb3ff3-9843-45f8-bcfa-f195ad38c4fc",
              "parentUUID": "1d0213d0-7010-474a-80da-58e95258c324",
              "isHook": false,
              "skipped": false
            },
            {
              "title": "Edit a client (TC3)",
              "fullTitle": "Registration, Editing and Deleting a client Edit a client (TC3)",
              "timedOut": null,
              "duration": 761,
              "state": "passed",
              "speed": "slow",
              "pass": true,
              "fail": false,
              "pending": false,
              "context": null,
              "code": "cy.get('h2').should('contain', 'Clients');\ncy.get('img').last().click();\ncy.get('.menu > :nth-child(1)').click();\ncy.get(':nth-child(4) > input').clear();\ncy.get(':nth-child(4) > input').type('pinacolada@yahoo.se');\ncy.get('.blue').click();\ncy.get('h2').should('contain', 'Clients');",
              "err": {},
              "uuid": "b6c16260-1d1c-4c5a-94ae-d88929e55905",
              "parentUUID": "1d0213d0-7010-474a-80da-58e95258c324",
              "isHook": false,
              "skipped": false
            },
            {
              "title": "Deleting a Client (TC4)",
              "fullTitle": "Registration, Editing and Deleting a client Deleting a Client (TC4)",
              "timedOut": null,
              "duration": 195,
              "state": "passed",
              "speed": "slow",
              "pass": true,
              "fail": false,
              "pending": false,
              "context": null,
              "code": "cy.get('h2').should('contain', 'Clients');\ncy.get('img').last().click();\ncy.get('.menu > :nth-child(2)').click();\ncy.get('h2').should('contain', 'Clients');",
              "err": {},
              "uuid": "4b633f2b-fc30-4887-b31d-fa1c317fd7cc",
              "parentUUID": "1d0213d0-7010-474a-80da-58e95258c324",
              "isHook": false,
              "skipped": false
            },
            {
              "title": "Logout",
              "fullTitle": "Registration, Editing and Deleting a client Logout",
              "timedOut": null,
              "duration": 103,
              "state": "passed",
              "speed": "slow",
              "pass": true,
              "fail": false,
              "pending": false,
              "context": null,
              "code": "cy.get('.user > .btn').click();\ncy.get('h2').should('contain', 'Login');",
              "err": {},
              "uuid": "8646de41-986a-47f8-81d2-f67a1d9aa524",
              "parentUUID": "1d0213d0-7010-474a-80da-58e95258c324",
              "isHook": false,
              "skipped": false
            }
          ],
          "suites": [],
          "passes": [
            "9f29e135-a956-4db8-b395-7f5abda376fe",
            "9ddb3ff3-9843-45f8-bcfa-f195ad38c4fc",
            "b6c16260-1d1c-4c5a-94ae-d88929e55905",
            "4b633f2b-fc30-4887-b31d-fa1c317fd7cc",
            "8646de41-986a-47f8-81d2-f67a1d9aa524"
          ],
          "failures": [],
          "pending": [],
          "skipped": [],
          "duration": 3933,
          "root": false,
          "rootEmpty": false,
          "_timeout": 2000
        }
      ],
      "passes": [],
      "failures": [],
      "pending": [],
      "skipped": [],
      "duration": 0,
      "root": true,
      "rootEmpty": true,
      "_timeout": 2000
    }
  ],
  "meta": {
    "mocha": {
      "version": "7.0.1"
    },
    "mochawesome": {
      "options": {
        "quiet": false,
        "reportFilename": "mochawesome",
        "saveHtml": true,
        "saveJson": true,
        "consoleReporter": "spec",
        "useInlineDiffs": false,
        "code": true
      },
      "version": "6.2.2"
    },
    "marge": {
      "options": {
        "reportDir": "cypress/report/m-report",
        "overwrite": false,
        "html": true,
        "json": true,
        "timestamp": "yyyy/mm/dd_HHMMss"
      },
      "version": "5.2.0"
    }
  }
}