{
  "stats": {
    "suites": 1,
    "tests": 9,
    "passes": 9,
    "pending": 0,
    "failures": 0,
    "start": "2021-04-28T12:26:16.658Z",
    "end": "2021-04-28T12:26:45.278Z",
    "duration": 28620,
    "testsRegistered": 9,
    "passPercent": 100,
    "pendingPercent": 0,
    "other": 0,
    "hasOther": false,
    "skipped": 0,
    "hasSkipped": false
  },
  "results": [
    {
      "uuid": "a0ccb13f-9b18-411a-8163-3abc873a1168",
      "title": "",
      "fullFile": "cypress/integration/test-suite-with-po.spec.js",
      "file": "cypress/integration/test-suite-with-po.spec.js",
      "beforeHooks": [],
      "afterHooks": [],
      "tests": [],
      "suites": [
        {
          "uuid": "180e7fe8-fa1d-4029-b1a3-1458bed3f673",
          "title": "Testsuite with Page-Objet",
          "fullFile": "",
          "file": "",
          "beforeHooks": [],
          "afterHooks": [],
          "tests": [
            {
              "title": "Client registration (TC2)",
              "fullTitle": "Testsuite with Page-Objet Client registration (TC2)",
              "timedOut": null,
              "duration": 3979,
              "state": "passed",
              "speed": "slow",
              "pass": true,
              "fail": false,
              "pending": false,
              "context": null,
              "code": "indexPage.viewClients('Clients');\nclientsPage.viewClientNew('New Client');\nclientNewPage.createClient('Pina Colada', 'pinacolada@gmail.com', '0701233234', 'Clients');\nclientsPage.verifyLastClient('Pina Colada', 'pinacolada@gmail.com', '0701233234');",
              "err": {},
              "uuid": "42902c0d-0e61-410a-a84a-ae111b400f30",
              "parentUUID": "180e7fe8-fa1d-4029-b1a3-1458bed3f673",
              "isHook": false,
              "skipped": false
            },
            {
              "title": "Edit the last Client (TC3)",
              "fullTitle": "Testsuite with Page-Objet Edit the last Client (TC3)",
              "timedOut": null,
              "duration": 3274,
              "state": "passed",
              "speed": "slow",
              "pass": true,
              "fail": false,
              "pending": false,
              "context": null,
              "code": "indexPage.viewClients('Clients');\nclientsPage.verifyEditLastClient('Client:');\nclientEditPage.editClient('pinacolada@yahoo.se', 'Clients');\nclientsPage.verifyLastClient('Pina Colada', 'pinacolada@yahoo.se', '0701233234');",
              "err": {},
              "uuid": "ea94fe9a-db70-4326-bb0a-9981926dbfb4",
              "parentUUID": "180e7fe8-fa1d-4029-b1a3-1458bed3f673",
              "isHook": false,
              "skipped": false
            },
            {
              "title": "Delete the last Client (TC4)",
              "fullTitle": "Testsuite with Page-Objet Delete the last Client (TC4)",
              "timedOut": null,
              "duration": 2534,
              "state": "passed",
              "speed": "slow",
              "pass": true,
              "fail": false,
              "pending": false,
              "context": null,
              "code": "indexPage.viewClients('Clients');\nclientsPage.deleteLastClient('Clients');",
              "err": {},
              "uuid": "64d3bb50-0d8a-4263-8595-c563b3dc94bb",
              "parentUUID": "180e7fe8-fa1d-4029-b1a3-1458bed3f673",
              "isHook": false,
              "skipped": false
            },
            {
              "title": "Create a bill (TC5)",
              "fullTitle": "Testsuite with Page-Objet Create a bill (TC5)",
              "timedOut": null,
              "duration": 2837,
              "state": "passed",
              "speed": "slow",
              "pass": true,
              "fail": false,
              "pending": false,
              "context": null,
              "code": "indexPage.viewBills('Bills');\nbillsPage.viewBillNew('New Bill');\nbillsNewPage.createBill('5000', 'Bills');\nbillsPage.verifyLastBill('5000');",
              "err": {},
              "uuid": "1c6f7dd9-8492-4a57-83f2-abf8e2e4cb88",
              "parentUUID": "180e7fe8-fa1d-4029-b1a3-1458bed3f673",
              "isHook": false,
              "skipped": false
            },
            {
              "title": "Edit the last bill (TC6)",
              "fullTitle": "Testsuite with Page-Objet Edit the last bill (TC6)",
              "timedOut": null,
              "duration": 2940,
              "state": "passed",
              "speed": "slow",
              "pass": true,
              "fail": false,
              "pending": false,
              "context": null,
              "code": "indexPage.viewBills('Bills');\nbillsPage.verifyEditLastBill('Bill:');\nbillsEditPage.editLastBill('4500', 'Bills');\nbillsPage.verifyLastBill('4500');",
              "err": {},
              "uuid": "d23513b9-5c86-4008-b23d-62b13fed407f",
              "parentUUID": "180e7fe8-fa1d-4029-b1a3-1458bed3f673",
              "isHook": false,
              "skipped": false
            },
            {
              "title": "Delete the last bill (TC7)",
              "fullTitle": "Testsuite with Page-Objet Delete the last bill (TC7)",
              "timedOut": null,
              "duration": 2475,
              "state": "passed",
              "speed": "slow",
              "pass": true,
              "fail": false,
              "pending": false,
              "context": null,
              "code": "indexPage.viewBills('Bills');\nbillsPage.deleteLastBill('Bills');",
              "err": {},
              "uuid": "6a5762b3-12f7-47a8-8d1f-f6ee74a7091d",
              "parentUUID": "180e7fe8-fa1d-4029-b1a3-1458bed3f673",
              "isHook": false,
              "skipped": false
            },
            {
              "title": "Create a room (TC8)",
              "fullTitle": "Testsuite with Page-Objet Create a room (TC8)",
              "timedOut": null,
              "duration": 3569,
              "state": "passed",
              "speed": "slow",
              "pass": true,
              "fail": false,
              "pending": false,
              "context": null,
              "code": "indexPage.viewRooms('Rooms');\nroomsPage.viewRoomNew('New Room');\nroomsNewPage.createRoom('Twin', '1101', '11', '4000', ['Balcony', 'Ensuite', 'Penthouse'], 'Rooms');\nroomsPage.verifyLastRoom('twin', '1101', '11', '4000', 'balcony');",
              "err": {},
              "uuid": "45b94df2-e49e-4f3d-8170-530c7d667bde",
              "parentUUID": "180e7fe8-fa1d-4029-b1a3-1458bed3f673",
              "isHook": false,
              "skipped": false
            },
            {
              "title": "Edit the last room (TC9)",
              "fullTitle": "Testsuite with Page-Objet Edit the last room (TC9)",
              "timedOut": null,
              "duration": 3248,
              "state": "passed",
              "speed": "slow",
              "pass": true,
              "fail": false,
              "pending": false,
              "context": null,
              "code": "indexPage.viewRooms('Rooms');\nroomsPage.verifyEditLastRoom('Room:');\nroomEditPage.editRoom('1230', '12', 'Rooms');\nroomsPage.verifyLastRoom('twin', '1230', '12', '4000', 'balcony');",
              "err": {},
              "uuid": "40f2536d-d1e2-4412-b017-7e34a37ca70b",
              "parentUUID": "180e7fe8-fa1d-4029-b1a3-1458bed3f673",
              "isHook": false,
              "skipped": false
            },
            {
              "title": "Delete the last room (TC10)",
              "fullTitle": "Testsuite with Page-Objet Delete the last room (TC10)",
              "timedOut": null,
              "duration": 2504,
              "state": "passed",
              "speed": "slow",
              "pass": true,
              "fail": false,
              "pending": false,
              "context": null,
              "code": "indexPage.viewRooms('Rooms');\nroomsPage.deleteLastRoom('Rooms');",
              "err": {},
              "uuid": "90edc24c-e816-4507-ac7b-2e6c0ea31fc8",
              "parentUUID": "180e7fe8-fa1d-4029-b1a3-1458bed3f673",
              "isHook": false,
              "skipped": false
            }
          ],
          "suites": [],
          "passes": [
            "42902c0d-0e61-410a-a84a-ae111b400f30",
            "ea94fe9a-db70-4326-bb0a-9981926dbfb4",
            "64d3bb50-0d8a-4263-8595-c563b3dc94bb",
            "1c6f7dd9-8492-4a57-83f2-abf8e2e4cb88",
            "d23513b9-5c86-4008-b23d-62b13fed407f",
            "6a5762b3-12f7-47a8-8d1f-f6ee74a7091d",
            "45b94df2-e49e-4f3d-8170-530c7d667bde",
            "40f2536d-d1e2-4412-b017-7e34a37ca70b",
            "90edc24c-e816-4507-ac7b-2e6c0ea31fc8"
          ],
          "failures": [],
          "pending": [],
          "skipped": [],
          "duration": 27360,
          "root": false,
          "rootEmpty": false,
          "_timeout": 2000
        }
      ],
      "passes": [],
      "failures": [],
      "pending": [],
      "skipped": [],
      "duration": 0,
      "root": true,
      "rootEmpty": true,
      "_timeout": 2000
    }
  ],
  "meta": {
    "mocha": {
      "version": "7.0.1"
    },
    "mochawesome": {
      "options": {
        "quiet": false,
        "reportFilename": "mochawesome",
        "saveHtml": true,
        "saveJson": true,
        "consoleReporter": "spec",
        "useInlineDiffs": false,
        "code": true
      },
      "version": "6.2.2"
    },
    "marge": {
      "options": {
        "reportDir": "cypress/report/m-report",
        "overwrite": false,
        "html": true,
        "json": true,
        "timestamp": "yyyy/mm/dd_HHMMss"
      },
      "version": "5.2.0"
    }
  }
}