{
  "stats": {
    "suites": 1,
    "tests": 5,
    "passes": 5,
    "pending": 0,
    "failures": 0,
    "start": "2021-04-28T12:26:00.509Z",
    "end": "2021-04-28T12:26:04.353Z",
    "duration": 3844,
    "testsRegistered": 5,
    "passPercent": 100,
    "pendingPercent": 0,
    "other": 0,
    "hasOther": false,
    "skipped": 0,
    "hasSkipped": false
  },
  "results": [
    {
      "uuid": "ca880be8-0b87-4a8b-bcf6-203c790dd056",
      "title": "",
      "fullFile": "cypress/integration/3-create-edit-delete-a-bill.js",
      "file": "cypress/integration/3-create-edit-delete-a-bill.js",
      "beforeHooks": [],
      "afterHooks": [],
      "tests": [],
      "suites": [
        {
          "uuid": "a31383fc-fbb5-4770-ae4f-eaf96d72fc09",
          "title": "Create, Editing and Deleting a Bill",
          "fullFile": "",
          "file": "",
          "beforeHooks": [],
          "afterHooks": [],
          "tests": [
            {
              "title": "Login",
              "fullTitle": "Create, Editing and Deleting a Bill Login",
              "timedOut": null,
              "duration": 1952,
              "state": "passed",
              "speed": "slow",
              "pass": true,
              "fail": false,
              "pending": false,
              "context": null,
              "code": "cy.visit('http://localhost:3000');\ncy.title().should('eq', 'Testers Hotel');\ncy.get('h2').should('contain', 'Login');\ncy.get(':nth-child(1) > input').type('tester01');\ncy.get(':nth-child(2) > input').type('GteteqbQQgSr88SwNExUQv2ydb7xuf8c');\ncy.get('.btn').click();\ncy.get('.username').should('contain', 'Welcome tester01');",
              "err": {},
              "uuid": "1497bc04-df97-4f9d-a458-613f8eeb8eb1",
              "parentUUID": "a31383fc-fbb5-4770-ae4f-eaf96d72fc09",
              "isHook": false,
              "skipped": false
            },
            {
              "title": "Create a Bill (TC5)",
              "fullTitle": "Create, Editing and Deleting a Bill Create a Bill (TC5)",
              "timedOut": null,
              "duration": 742,
              "state": "passed",
              "speed": "slow",
              "pass": true,
              "fail": false,
              "pending": false,
              "context": null,
              "code": "cy.get('.blocks > :nth-child(3) > .btn').click();\ncy.get('h2').should('contain', 'Bills');\ncy.get('h2 > .btn').click();\ncy.get('h2 > div').should('contain', 'New Bill');\ncy.get('input').type(5000);\ncy.get('.checkbox').click();\ncy.get('.blue').click();\ncy.get('h2').should('contain', 'Bills');",
              "err": {},
              "uuid": "1737d474-ca07-41c7-a182-c586cf1d339c",
              "parentUUID": "a31383fc-fbb5-4770-ae4f-eaf96d72fc09",
              "isHook": false,
              "skipped": false
            },
            {
              "title": "Editing a Bill (TC6)",
              "fullTitle": "Create, Editing and Deleting a Bill Editing a Bill (TC6)",
              "timedOut": null,
              "duration": 751,
              "state": "passed",
              "speed": "slow",
              "pass": true,
              "fail": false,
              "pending": false,
              "context": null,
              "code": "cy.get('h2').should('contain', 'Bills');\ncy.get('img').last().click();\ncy.get('.menu > :nth-child(1)').click();\ncy.get(':nth-child(3) > input').clear();\ncy.get(':nth-child(3) > input').type(4500);\ncy.get('.checkbox').click();\ncy.get('.blue').click();\ncy.get('h2').should('contain', 'Bills');",
              "err": {},
              "uuid": "fd934f16-b241-45d3-b224-a73ec7c12b51",
              "parentUUID": "a31383fc-fbb5-4770-ae4f-eaf96d72fc09",
              "isHook": false,
              "skipped": false
            },
            {
              "title": "Deleting a Bill (TC7)",
              "fullTitle": "Create, Editing and Deleting a Bill Deleting a Bill (TC7)",
              "timedOut": null,
              "duration": 219,
              "state": "passed",
              "speed": "slow",
              "pass": true,
              "fail": false,
              "pending": false,
              "context": null,
              "code": "cy.get('img').last().click();\ncy.get('.menu > :nth-child(2)').click();\ncy.get('h2').should('contain', 'Bills');",
              "err": {},
              "uuid": "f3de9ed8-e10e-4778-90ff-cfbbd2a4c7d3",
              "parentUUID": "a31383fc-fbb5-4770-ae4f-eaf96d72fc09",
              "isHook": false,
              "skipped": false
            },
            {
              "title": "Logout",
              "fullTitle": "Create, Editing and Deleting a Bill Logout",
              "timedOut": null,
              "duration": 115,
              "state": "passed",
              "speed": "slow",
              "pass": true,
              "fail": false,
              "pending": false,
              "context": null,
              "code": "cy.get('.user > .btn').click();\ncy.get('h2').should('contain', 'Login');",
              "err": {},
              "uuid": "6825924b-e869-408f-8548-820c03af9c60",
              "parentUUID": "a31383fc-fbb5-4770-ae4f-eaf96d72fc09",
              "isHook": false,
              "skipped": false
            }
          ],
          "suites": [],
          "passes": [
            "1497bc04-df97-4f9d-a458-613f8eeb8eb1",
            "1737d474-ca07-41c7-a182-c586cf1d339c",
            "fd934f16-b241-45d3-b224-a73ec7c12b51",
            "f3de9ed8-e10e-4778-90ff-cfbbd2a4c7d3",
            "6825924b-e869-408f-8548-820c03af9c60"
          ],
          "failures": [],
          "pending": [],
          "skipped": [],
          "duration": 3779,
          "root": false,
          "rootEmpty": false,
          "_timeout": 2000
        }
      ],
      "passes": [],
      "failures": [],
      "pending": [],
      "skipped": [],
      "duration": 0,
      "root": true,
      "rootEmpty": true,
      "_timeout": 2000
    }
  ],
  "meta": {
    "mocha": {
      "version": "7.0.1"
    },
    "mochawesome": {
      "options": {
        "quiet": false,
        "reportFilename": "mochawesome",
        "saveHtml": true,
        "saveJson": true,
        "consoleReporter": "spec",
        "useInlineDiffs": false,
        "code": true
      },
      "version": "6.2.2"
    },
    "marge": {
      "options": {
        "reportDir": "cypress/report/m-report",
        "overwrite": false,
        "html": true,
        "json": true,
        "timestamp": "yyyy/mm/dd_HHMMss"
      },
      "version": "5.2.0"
    }
  }
}