{
  "stats": {
    "suites": 1,
    "tests": 5,
    "passes": 5,
    "pending": 0,
    "failures": 0,
    "start": "2021-04-28T12:13:42.871Z",
    "end": "2021-04-28T12:13:46.717Z",
    "duration": 3846,
    "testsRegistered": 5,
    "passPercent": 100,
    "pendingPercent": 0,
    "other": 0,
    "hasOther": false,
    "skipped": 0,
    "hasSkipped": false
  },
  "results": [
    {
      "uuid": "1cc1efe0-0844-4a65-b0a0-6b5a16139f32",
      "title": "",
      "fullFile": "cypress/integration/4-create-edit-delete-a-room.js",
      "file": "cypress/integration/4-create-edit-delete-a-room.js",
      "beforeHooks": [],
      "afterHooks": [],
      "tests": [],
      "suites": [
        {
          "uuid": "7279b92d-7a35-41c1-b3c8-efb7fbf2e435",
          "title": "Create, Editing and Deleting a Room",
          "fullFile": "",
          "file": "",
          "beforeHooks": [],
          "afterHooks": [],
          "tests": [
            {
              "title": "Login",
              "fullTitle": "Create, Editing and Deleting a Room Login",
              "timedOut": null,
              "duration": 1617,
              "state": "passed",
              "speed": "slow",
              "pass": true,
              "fail": false,
              "pending": false,
              "context": null,
              "code": "cy.visit('http://localhost:3000');\ncy.title().should('eq', 'Testers Hotel');\ncy.get('h2').should('contain', 'Login');\ncy.get(':nth-child(1) > input').type('tester01');\ncy.get(':nth-child(2) > input').type('GteteqbQQgSr88SwNExUQv2ydb7xuf8c');\ncy.get('.btn').click();\ncy.get('.username').should('contain', 'Welcome tester01');",
              "err": {},
              "uuid": "360550a0-e7ab-451a-9f57-cd49ed43c994",
              "parentUUID": "7279b92d-7a35-41c1-b3c8-efb7fbf2e435",
              "isHook": false,
              "skipped": false
            },
            {
              "title": "Create a Room (TC8)",
              "fullTitle": "Create, Editing and Deleting a Room Create a Room (TC8)",
              "timedOut": null,
              "duration": 1348,
              "state": "passed",
              "speed": "slow",
              "pass": true,
              "fail": false,
              "pending": false,
              "context": null,
              "code": "cy.get('.blocks > :nth-child(1) > .btn').click();\ncy.get('h2').should('contain', 'Rooms');\ncy.get('h2 > .btn').click();\ncy.get('h2 > div').should('contain', 'New Room');\ncy.get(':nth-child(1) > select').select('Twin');\ncy.get(':nth-child(2) > input').type(1101);\ncy.get(':nth-child(3) > input').type(11);\ncy.get('.checkbox').click();\ncy.get(':nth-child(5) > input').type(4000);\ncy.get(':nth-child(6) > select').select(['Balcony', 'Ensuite', 'Penthouse']);\ncy.get('.blue').click();\ncy.get('h2').should('contain', 'Rooms');",
              "err": {},
              "uuid": "7cfdfba5-9b2f-4993-894f-1ba83ee44010",
              "parentUUID": "7279b92d-7a35-41c1-b3c8-efb7fbf2e435",
              "isHook": false,
              "skipped": false
            },
            {
              "title": "Editing a Room (TC9)",
              "fullTitle": "Create, Editing and Deleting a Room Editing a Room (TC9)",
              "timedOut": null,
              "duration": 517,
              "state": "passed",
              "speed": "slow",
              "pass": true,
              "fail": false,
              "pending": false,
              "context": null,
              "code": "cy.get('h2').should('contain', 'Rooms');\ncy.get('img').last().click();\ncy.get('.menu > :nth-child(1)').click();\ncy.get(':nth-child(3) > select').select('Double');\ncy.get('.checkbox').click();\ncy.get('.blue').click();\ncy.get('h2').should('contain', 'Rooms');",
              "err": {},
              "uuid": "0e52096b-c7c2-4db0-a238-ddc6b2d9ca80",
              "parentUUID": "7279b92d-7a35-41c1-b3c8-efb7fbf2e435",
              "isHook": false,
              "skipped": false
            },
            {
              "title": "Deleting a Room (TC10)",
              "fullTitle": "Create, Editing and Deleting a Room Deleting a Room (TC10)",
              "timedOut": null,
              "duration": 204,
              "state": "passed",
              "speed": "slow",
              "pass": true,
              "fail": false,
              "pending": false,
              "context": null,
              "code": "cy.get('h2').should('contain', 'Rooms');\ncy.get('img').last().click();\ncy.get('.menu > :nth-child(2)').click();\ncy.get('h2').should('contain', 'Rooms');",
              "err": {},
              "uuid": "471056a6-a36c-4e48-af21-3c89d05f79de",
              "parentUUID": "7279b92d-7a35-41c1-b3c8-efb7fbf2e435",
              "isHook": false,
              "skipped": false
            },
            {
              "title": "Logout",
              "fullTitle": "Create, Editing and Deleting a Room Logout",
              "timedOut": null,
              "duration": 110,
              "state": "passed",
              "speed": "slow",
              "pass": true,
              "fail": false,
              "pending": false,
              "context": null,
              "code": "cy.get('.user > .btn').click();\ncy.get('h2').should('contain', 'Login');",
              "err": {},
              "uuid": "79606edf-64be-40b2-bf07-7deb6841218a",
              "parentUUID": "7279b92d-7a35-41c1-b3c8-efb7fbf2e435",
              "isHook": false,
              "skipped": false
            }
          ],
          "suites": [],
          "passes": [
            "360550a0-e7ab-451a-9f57-cd49ed43c994",
            "7cfdfba5-9b2f-4993-894f-1ba83ee44010",
            "0e52096b-c7c2-4db0-a238-ddc6b2d9ca80",
            "471056a6-a36c-4e48-af21-3c89d05f79de",
            "79606edf-64be-40b2-bf07-7deb6841218a"
          ],
          "failures": [],
          "pending": [],
          "skipped": [],
          "duration": 3796,
          "root": false,
          "rootEmpty": false,
          "_timeout": 2000
        }
      ],
      "passes": [],
      "failures": [],
      "pending": [],
      "skipped": [],
      "duration": 0,
      "root": true,
      "rootEmpty": true,
      "_timeout": 2000
    }
  ],
  "meta": {
    "mocha": {
      "version": "7.0.1"
    },
    "mochawesome": {
      "options": {
        "quiet": false,
        "reportFilename": "mochawesome",
        "saveHtml": true,
        "saveJson": true,
        "consoleReporter": "spec",
        "useInlineDiffs": false,
        "code": true
      },
      "version": "6.2.2"
    },
    "marge": {
      "options": {
        "reportDir": "cypress/report/m-report",
        "overwrite": false,
        "html": true,
        "json": true,
        "timestamp": "yyyy/mm/dd_HHMMss"
      },
      "version": "5.2.0"
    }
  }
}